TN:
SF:app/index.js
FNF:0
FNH:0
DA:1,1
DA:2,1
DA:3,1
DA:4,1
DA:5,1
DA:6,1
DA:7,1
DA:8,1
DA:9,1
DA:10,1
DA:11,1
DA:12,1
DA:13,1
DA:14,1
DA:15,1
DA:16,1
DA:17,1
DA:18,1
DA:19,1
DA:20,1
DA:21,1
DA:22,1
DA:23,1
DA:24,1
DA:25,1
DA:26,1
DA:27,1
DA:28,1
DA:29,1
DA:30,1
DA:31,1
DA:32,1
DA:33,1
DA:34,1
DA:35,1
DA:36,1
DA:37,1
DA:38,1
DA:39,1
DA:40,1
LF:40
LH:40
BRDA:36,0,0,1
BRF:1
BRH:1
end_of_record
TN:
SF:app/controllers/index.js
FNF:0
FNH:0
DA:1,1
DA:2,1
DA:3,1
DA:4,1
DA:5,1
DA:6,1
DA:7,1
DA:8,1
DA:9,1
DA:10,1
LF:10
LH:10
BRF:0
BRH:0
end_of_record
TN:
SF:app/controllers/api/index.js
FNF:0
FNH:0
DA:1,1
DA:2,1
DA:3,1
DA:4,1
DA:5,1
DA:6,1
DA:7,1
DA:8,1
DA:9,1
DA:10,1
DA:11,1
DA:12,1
LF:12
LH:12
BRF:0
BRH:0
end_of_record
TN:
SF:app/controllers/api/main.js
FN:7,onLost
FN:14,onError
FNF:2
FNH:0
FNDA:0,onLost
FNDA:0,onError
DA:1,1
DA:2,1
DA:3,1
DA:4,1
DA:5,1
DA:6,1
DA:7,1
DA:8,0
DA:9,0
DA:10,0
DA:11,0
DA:12,1
DA:13,1
DA:14,1
DA:15,0
DA:16,0
DA:17,0
DA:18,0
DA:19,0
DA:20,0
DA:21,0
DA:22,0
DA:23,1
LF:23
LH:11
BRF:0
BRH:0
end_of_record
TN:
SF:app/controllers/api/v1/index.js
FNF:0
FNH:0
DA:1,1
DA:2,1
DA:3,1
DA:4,1
DA:5,1
DA:6,1
DA:7,1
DA:8,1
DA:9,1
DA:10,1
LF:10
LH:10
BRF:0
BRH:0
end_of_record
TN:
SF:app/controllers/api/v1/userController.js
FN:3,createUser
FN:23,login
FNF:2
FNH:2
FNDA:15,createUser
FNDA:8,login
DA:1,1
DA:2,1
DA:3,1
DA:4,15
DA:5,15
DA:6,15
DA:7,15
DA:8,15
DA:9,15
DA:10,15
DA:11,15
DA:12,15
DA:13,15
DA:14,15
DA:15,0
DA:16,0
DA:17,0
DA:18,0
DA:19,0
DA:20,0
DA:21,15
DA:22,1
DA:23,1
DA:24,8
DA:25,8
DA:26,8
DA:27,8
DA:28,8
DA:29,8
DA:30,0
DA:31,0
DA:32,0
DA:33,0
DA:34,0
DA:35,0
DA:36,8
DA:37,1
DA:38,1
LF:38
LH:26
BRDA:3,0,0,15
BRDA:14,1,0,0
BRDA:23,2,0,8
BRDA:29,3,0,0
BRF:4
BRH:2
end_of_record
TN:
SF:app/lib/constant.js
FNF:0
FNH:0
DA:1,1
DA:2,1
DA:3,1
DA:4,1
LF:4
LH:4
BRF:0
BRH:0
end_of_record
TN:
SF:app/models/absensi.js
FN:3,Object.<anonymous>.module.exports
FN:10,associate
FNF:2
FNH:2
FNDA:2,Object.<anonymous>.module.exports
FNDA:2,associate
DA:1,1
DA:2,1
DA:3,1
DA:4,2
DA:5,2
DA:6,2
DA:7,2
DA:8,2
DA:9,2
DA:10,2
DA:11,2
DA:12,2
DA:13,2
DA:14,2
DA:15,2
DA:16,2
DA:17,2
DA:18,2
DA:19,2
DA:20,2
DA:21,2
DA:22,2
DA:23,2
DA:24,2
DA:25,2
DA:26,2
DA:27,2
DA:28,2
DA:29,2
DA:30,2
LF:30
LH:30
BRDA:3,0,0,2
BRDA:10,1,0,2
BRF:2
BRH:2
end_of_record
TN:
SF:app/models/index.js
FNF:0
FNH:0
DA:1,1
DA:2,1
DA:3,1
DA:4,1
DA:5,1
DA:6,1
DA:7,1
DA:8,1
DA:9,1
DA:10,1
DA:11,1
DA:12,1
DA:13,0
DA:14,1
DA:15,1
DA:16,1
DA:17,1
DA:18,1
DA:19,1
DA:20,1
DA:21,1
DA:22,1
DA:23,1
DA:24,1
DA:25,6
DA:26,6
DA:27,6
DA:28,6
DA:29,1
DA:30,4
DA:31,4
DA:32,4
DA:33,4
DA:34,4
DA:35,1
DA:36,1
DA:37,1
DA:38,4
DA:39,4
DA:40,4
DA:41,1
DA:42,1
DA:43,1
DA:44,1
DA:45,1
DA:46,1
LF:46
LH:45
BRDA:7,0,0,0
BRDA:12,1,0,0
BRDA:24,2,0,6
BRDA:26,3,0,4
BRDA:29,4,0,4
BRDA:37,5,0,4
BRF:6
BRH:4
end_of_record
TN:
SF:app/models/user.js
FN:3,Object.<anonymous>.module.exports
FN:10,associate
FNF:2
FNH:2
FNDA:2,Object.<anonymous>.module.exports
FNDA:2,associate
DA:1,1
DA:2,1
DA:3,1
DA:4,2
DA:5,2
DA:6,2
DA:7,2
DA:8,2
DA:9,2
DA:10,2
DA:11,2
DA:12,2
DA:13,2
DA:14,2
DA:15,2
DA:16,2
DA:17,2
DA:18,2
DA:19,2
DA:20,2
DA:21,2
DA:22,2
DA:23,2
DA:24,2
DA:25,2
DA:26,2
DA:27,2
DA:28,2
DA:29,2
DA:30,2
DA:31,2
DA:32,2
DA:33,2
LF:33
LH:33
BRDA:3,0,0,2
BRDA:10,1,0,2
BRF:2
BRH:2
end_of_record
TN:
SF:app/repositories/userRepository.js
FN:3,getUserByUUID
FN:19,getUserByEmail
FN:36,createUser
FN:52,destroyAll
FNF:4
FNH:4
FNDA:25,getUserByUUID
FNDA:17,getUserByEmail
FNDA:22,createUser
FNDA:24,destroyAll
DA:1,1
DA:2,1
DA:3,1
DA:4,25
DA:5,25
DA:6,24
DA:7,24
DA:8,25
DA:9,1
DA:10,1
DA:11,1
DA:12,1
DA:13,1
DA:14,1
DA:15,1
DA:16,1
DA:17,25
DA:18,1
DA:19,1
DA:20,17
DA:21,17
DA:22,16
DA:23,16
DA:24,16
DA:25,17
DA:26,1
DA:27,1
DA:28,1
DA:29,1
DA:30,1
DA:31,1
DA:32,1
DA:33,1
DA:34,17
DA:35,1
DA:36,1
DA:37,22
DA:38,22
DA:39,19
DA:40,19
DA:41,22
DA:42,3
DA:43,3
DA:44,3
DA:45,3
DA:46,3
DA:47,3
DA:48,3
DA:49,3
DA:50,22
DA:51,1
DA:52,1
DA:53,24
DA:54,24
DA:55,24
DA:56,24
DA:57,24
DA:58,24
DA:59,24
DA:60,24
DA:61,24
DA:62,24
DA:63,1
DA:64,1
DA:65,1
DA:66,1
DA:67,1
DA:68,1
DA:69,1
LF:69
LH:69
BRDA:3,0,0,25
BRDA:5,1,0,24
BRDA:8,2,0,1
BRDA:19,3,0,17
BRDA:21,4,0,16
BRDA:25,5,0,1
BRDA:36,6,0,22
BRDA:38,7,0,19
BRDA:41,8,0,3
BRDA:52,9,0,24
BRDA:61,10,0,0
BRF:11
BRH:10
end_of_record
TN:
SF:app/services/userService.js
FN:6,createUser
FN:76,login
FNF:2
FNH:2
FNDA:15,createUser
FNDA:8,login
DA:1,1
DA:2,1
DA:3,1
DA:4,1
DA:5,1
DA:6,1
DA:7,15
DA:8,15
DA:9,1
DA:10,1
DA:11,1
DA:12,1
DA:13,1
DA:14,1
DA:15,15
DA:16,1
DA:17,1
DA:18,1
DA:19,1
DA:20,1
DA:21,15
DA:22,13
DA:23,1
DA:24,1
DA:25,1
DA:26,1
DA:27,1
DA:28,1
DA:29,13
DA:30,15
DA:31,1
DA:32,1
DA:33,1
DA:34,1
DA:35,1
DA:36,1
DA:37,11
DA:38,11
DA:39,15
DA:40,1
DA:41,1
DA:42,1
DA:43,1
DA:44,1
DA:45,1
DA:46,10
DA:47,10
DA:48,10
DA:49,10
DA:50,10
DA:51,10
DA:52,10
DA:53,10
DA:54,10
DA:55,10
DA:56,10
DA:57,10
DA:58,10
DA:59,10
DA:60,10
DA:61,10
DA:62,10
DA:63,10
DA:64,10
DA:65,10
DA:66,10
DA:67,15
DA:68,0
DA:69,0
DA:70,0
DA:71,0
DA:72,0
DA:73,0
DA:74,15
DA:75,1
DA:76,1
DA:77,8
DA:78,8
DA:79,8
DA:80,2
DA:81,2
DA:82,2
DA:83,2
DA:84,2
DA:85,8
DA:86,6
DA:87,1
DA:88,1
DA:89,1
DA:90,1
DA:91,1
DA:92,1
DA:93,6
DA:94,5
DA:95,8
DA:96,2
DA:97,2
DA:98,2
DA:99,2
DA:100,2
DA:101,2
DA:102,3
DA:103,3
DA:104,8
DA:105,1
DA:106,1
DA:107,1
DA:108,1
DA:109,1
DA:110,1
DA:111,2
DA:112,2
DA:113,2
DA:114,2
DA:115,8
DA:116,1
DA:117,1
DA:118,1
DA:119,1
DA:120,1
DA:121,1
DA:122,1
DA:123,1
DA:124,1
DA:125,1
DA:126,1
DA:127,1
DA:128,1
DA:129,1
DA:130,1
DA:131,1
DA:132,1
DA:133,1
DA:134,1
DA:135,1
DA:136,1
DA:137,1
DA:138,8
DA:139,0
DA:140,0
DA:141,0
DA:142,0
DA:143,0
DA:144,0
DA:145,8
DA:146,1
LF:146
LH:134
BRDA:6,0,0,15
BRDA:8,1,0,14
BRDA:8,2,0,1
BRDA:14,3,0,14
BRDA:15,4,0,13
BRDA:15,5,0,1
BRDA:21,6,0,13
BRDA:22,7,0,1
BRDA:29,8,0,12
BRDA:30,9,0,11
BRDA:30,10,0,1
BRDA:36,11,0,11
BRDA:39,12,0,1
BRDA:45,13,0,10
BRDA:67,14,0,0
BRDA:76,15,0,8
BRDA:79,16,0,7
BRDA:79,17,0,2
BRDA:85,18,0,6
BRDA:86,19,0,1
BRDA:93,20,0,5
BRDA:95,21,0,4
BRDA:95,22,0,2
BRDA:101,23,0,3
BRDA:104,24,0,1
BRDA:110,25,0,2
BRDA:115,26,0,1
BRDA:138,27,0,0
BRF:28
BRH:26
end_of_record
TN:
SF:app/utils/bcrypt.js
FN:3,encryptPassword
FN:17,comparePasswords
FNF:2
FNH:2
FNDA:10,encryptPassword
FNDA:2,comparePasswords
DA:1,1
DA:2,1
DA:3,1
DA:4,10
DA:5,10
DA:6,10
DA:7,10
DA:8,10
DA:9,0
DA:10,0
DA:11,0
DA:12,0
DA:13,0
DA:14,0
DA:15,10
DA:16,1
DA:17,1
DA:18,2
DA:19,2
DA:20,2
DA:21,2
DA:22,2
DA:23,0
DA:24,0
DA:25,0
DA:26,0
DA:27,0
DA:28,0
DA:29,2
DA:30,1
DA:31,1
DA:32,1
DA:33,1
DA:34,1
LF:34
LH:22
BRDA:3,0,0,10
BRDA:8,1,0,0
BRDA:17,2,0,2
BRDA:22,3,0,0
BRF:4
BRH:2
end_of_record
TN:
SF:app/utils/swaggerOptions.js
FNF:0
FNH:0
DA:1,1
DA:2,1
DA:3,1
DA:4,1
DA:5,1
DA:6,1
DA:7,1
DA:8,1
DA:9,1
DA:10,1
DA:11,1
DA:12,1
DA:13,1
DA:14,1
DA:15,1
DA:16,1
DA:17,1
LF:17
LH:17
BRF:0
BRH:0
end_of_record
TN:
SF:app/utils/uuid.js
FN:4,Generate
FNF:1
FNH:1
FNDA:22,Generate
DA:1,1
DA:2,1
DA:3,1
DA:4,1
DA:5,22
DA:6,22
DA:7,22
DA:8,22
DA:9,22
DA:10,22
DA:11,0
DA:12,0
DA:13,22
DA:14,22
DA:15,22
DA:16,22
DA:17,0
DA:18,0
DA:19,22
DA:20,1
DA:21,1
DA:22,1
DA:23,1
LF:23
LH:19
BRDA:4,0,0,22
BRDA:10,1,0,0
BRDA:16,2,0,0
BRF:3
BRH:1
end_of_record
TN:
SF:config/database.js
FNF:0
FNH:0
DA:1,1
DA:2,1
DA:3,1
DA:4,1
DA:5,1
DA:6,1
DA:7,1
DA:8,1
DA:9,1
DA:10,1
DA:11,1
DA:12,1
DA:13,1
DA:14,1
DA:15,1
DA:16,1
DA:17,1
DA:18,1
DA:19,1
DA:20,1
DA:21,1
DA:22,1
DA:23,1
DA:24,1
DA:25,1
DA:26,1
DA:27,1
DA:28,1
DA:29,1
DA:30,1
DA:31,1
DA:32,1
DA:33,1
DA:34,1
DA:35,1
DA:36,1
LF:36
LH:36
BRF:0
BRH:0
end_of_record
TN:
SF:config/routes.js
FNF:0
FNH:0
DA:1,1
DA:2,1
DA:3,1
DA:4,1
DA:5,1
DA:6,1
DA:7,1
DA:8,1
DA:9,1
DA:10,1
DA:11,1
DA:12,1
DA:13,1
DA:14,1
DA:15,1
DA:16,1
DA:17,1
DA:18,1
DA:19,0
DA:20,1
DA:21,1
DA:22,1
DA:23,1
DA:24,1
DA:25,1
DA:26,1
DA:27,1
DA:28,1
DA:29,1
DA:30,1
DA:31,1
DA:32,1
DA:33,1
DA:34,0
DA:35,0
DA:36,0
DA:37,1
DA:38,1
DA:39,1
DA:40,1
DA:41,1
DA:42,1
LF:42
LH:38
BRF:0
BRH:0
end_of_record
